app/build/intermediates/manifest_merge_blame_file/i2spaceDebug/manifest-merger-blame-i2space-debug-report.txt
1<?xml version="1.0" encoding="utf-8"?>
2<manifest xmlns:android="http://schemas.android.com/apk/res/android"
3    package="com.classicsmart.myhomegrocers"
4    android:versionCode="1"
5    android:versionName="1.0" >
6
7    <uses-sdk
8        android:minSdkVersion="21"
8-->src/main/AndroidManifest.xml
9        android:targetSdkVersion="29" />
9-->src/main/AndroidManifest.xml
10
11    <uses-permission android:name="android.permission.CAMERA" />
11-->src/main/AndroidManifest.xml:80:5-65
11-->src/main/AndroidManifest.xml:80:22-62
12    <uses-permission android:name="android.permission.FLASHLIGHT" />
12-->src/main/AndroidManifest.xml:81:5-69
12-->src/main/AndroidManifest.xml:81:22-66
13    <uses-permission android:name="android.permission.INTERNET" />
13-->src/main/AndroidManifest.xml:82:5-67
13-->src/main/AndroidManifest.xml:82:22-64
14    <uses-permission android:name="android.permission.WRITE_EXTERNAL_STORAGE" />
14-->src/main/AndroidManifest.xml:83:5-81
14-->src/main/AndroidManifest.xml:83:22-78
15    <uses-permission android:name="android.permission.CALL_PHONE" />
15-->src/main/AndroidManifest.xml:84:5-69
15-->src/main/AndroidManifest.xml:84:22-66
16    <uses-permission android:name="android.permission.ACCESS_WIFI_STATE" />
16-->src/main/AndroidManifest.xml:85:5-76
16-->src/main/AndroidManifest.xml:85:22-73
17    <uses-permission android:name="android.permission.ACCESS_NETWORK_STATE" />
17-->src/main/AndroidManifest.xml:87:5-79
17-->src/main/AndroidManifest.xml:87:22-76
18    <uses-permission android:name="com.google.android.finsky.permission.BIND_GET_INSTALL_REFERRER_SERVICE" />
18-->[com.android.installreferrer:installreferrer:1.0] AndroidManifest.xml:9:5-110
18-->[com.android.installreferrer:installreferrer:1.0] AndroidManifest.xml:9:22-107
19
20    <application
20-->src/main/AndroidManifest.xml:5:5-78:19
21        android:name="com.classicsmart.myhomegrocers.App"
21-->src/main/AndroidManifest.xml:6:9-28
22        android:allowBackup="true"
22-->src/main/AndroidManifest.xml:7:9-35
23        android:appComponentFactory="androidx.core.app.CoreComponentFactory"
23-->[androidx.core:core:1.3.1] AndroidManifest.xml:24:18-86
24        android:debuggable="true"
25        android:icon="@mipmap/ic_launcher"
25-->src/main/AndroidManifest.xml:8:9-43
26        android:label="@string/app_name"
26-->src/main/AndroidManifest.xml:9:9-41
27        android:roundIcon="@mipmap/ic_launcher_round"
27-->src/main/AndroidManifest.xml:10:9-54
28        android:supportsRtl="true"
28-->src/main/AndroidManifest.xml:11:9-35
29        android:testOnly="true"
30        android:theme="@style/AppTheme" >
30-->src/main/AndroidManifest.xml:12:9-40
31        <activity
31-->src/main/AndroidManifest.xml:14:9-16:52
32            android:name="com.classicsmart.myhomegrocers.activities.WelcomeActivity"
32-->src/main/AndroidManifest.xml:15:13-55
33            android:screenOrientation="portrait" />
33-->src/main/AndroidManifest.xml:16:13-49
34        <activity
34-->src/main/AndroidManifest.xml:17:9-19:52
35            android:name="com.classicsmart.myhomegrocers.activities.SignupActivity"
35-->src/main/AndroidManifest.xml:18:13-54
36            android:screenOrientation="portrait" />
36-->src/main/AndroidManifest.xml:19:13-49
37        <activity
37-->src/main/AndroidManifest.xml:20:9-22:52
38            android:name="com.classicsmart.myhomegrocers.activities.CategoryWishlist2Activity"
38-->src/main/AndroidManifest.xml:21:13-65
39            android:screenOrientation="portrait" />
39-->src/main/AndroidManifest.xml:22:13-49
40        <activity
40-->src/main/AndroidManifest.xml:23:9-25:52
41            android:name="com.classicsmart.myhomegrocers.activities.NotificationsActivity"
41-->src/main/AndroidManifest.xml:24:13-61
42            android:screenOrientation="portrait" />
42-->src/main/AndroidManifest.xml:25:13-49
43        <activity
43-->src/main/AndroidManifest.xml:26:9-35:20
44            android:name="com.classicsmart.myhomegrocers.activities.SplashScreenActivity"
44-->src/main/AndroidManifest.xml:27:13-60
45            android:screenOrientation="portrait"
45-->src/main/AndroidManifest.xml:28:13-49
46            android:theme="@style/AppTheme.NoActionBar" >
46-->src/main/AndroidManifest.xml:29:13-56
47            <intent-filter>
47-->src/main/AndroidManifest.xml:30:13-34:29
48                <action android:name="android.intent.action.MAIN" />
48-->src/main/AndroidManifest.xml:31:17-69
48-->src/main/AndroidManifest.xml:31:25-66
49
50                <category android:name="android.intent.category.LAUNCHER" />
50-->src/main/AndroidManifest.xml:33:17-77
50-->src/main/AndroidManifest.xml:33:27-74
51            </intent-filter>
52        </activity>
53        <activity
53-->src/main/AndroidManifest.xml:36:9-38:52
54            android:name="com.classicsmart.myhomegrocers.activities.HomeActivity"
54-->src/main/AndroidManifest.xml:37:13-52
55            android:screenOrientation="portrait" />
55-->src/main/AndroidManifest.xml:38:13-49
56        <activity
56-->src/main/AndroidManifest.xml:39:9-41:52
57            android:name="com.classicsmart.myhomegrocers.activities.DeliveryAddressActivity"
57-->src/main/AndroidManifest.xml:40:13-63
58            android:screenOrientation="portrait" />
58-->src/main/AndroidManifest.xml:41:13-49
59        <activity
59-->src/main/AndroidManifest.xml:42:9-44:52
60            android:name="com.classicsmart.myhomegrocers.activities.AddNewAddressActivity"
60-->src/main/AndroidManifest.xml:43:13-61
61            android:screenOrientation="portrait" />
61-->src/main/AndroidManifest.xml:44:13-49
62        <activity
62-->src/main/AndroidManifest.xml:45:9-47:52
63            android:name="com.classicsmart.myhomegrocers.activities.UpdateProfileActivity"
63-->src/main/AndroidManifest.xml:46:13-61
64            android:screenOrientation="portrait" />
64-->src/main/AndroidManifest.xml:47:13-49
65        <activity
65-->src/main/AndroidManifest.xml:48:9-50:52
66            android:name="com.classicsmart.myhomegrocers.activities.ChangePasswordActivity"
66-->src/main/AndroidManifest.xml:49:13-62
67            android:screenOrientation="portrait" />
67-->src/main/AndroidManifest.xml:50:13-49
68        <activity
68-->src/main/AndroidManifest.xml:51:9-54:59
69            android:name="com.classicsmart.myhomegrocers.activities.LoginActivity"
69-->src/main/AndroidManifest.xml:52:13-53
70            android:screenOrientation="portrait"
70-->src/main/AndroidManifest.xml:53:13-49
71            android:theme="@style/AppTheme.NoActionBar" />
71-->src/main/AndroidManifest.xml:54:13-56
72        <activity
72-->src/main/AndroidManifest.xml:55:9-58:59
73            android:name="com.classicsmart.myhomegrocers.activities.ForgotPasswordActivity"
73-->src/main/AndroidManifest.xml:56:13-62
74            android:screenOrientation="portrait"
74-->src/main/AndroidManifest.xml:57:13-49
75            android:theme="@style/AppTheme.NoActionBar" />
75-->src/main/AndroidManifest.xml:58:13-56
76        <activity
76-->src/main/AndroidManifest.xml:59:9-62:59
77            android:name="com.classicsmart.myhomegrocers.activities.DashBoardActivity"
77-->src/main/AndroidManifest.xml:60:13-57
78            android:screenOrientation="portrait"
78-->src/main/AndroidManifest.xml:61:13-49
79            android:theme="@style/AppTheme.NoActionBar" />
79-->src/main/AndroidManifest.xml:62:13-56
80        <activity
80-->src/main/AndroidManifest.xml:63:9-65:52
81            android:name="com.classicsmart.myhomegrocers.activities.RighttopNavigationActivity"
81-->src/main/AndroidManifest.xml:64:13-66
82            android:screenOrientation="portrait" />
82-->src/main/AndroidManifest.xml:65:13-49
83        <activity
83-->src/main/AndroidManifest.xml:66:9-68:52
84            android:name="com.classicsmart.myhomegrocers.activities.MyOrdersActivity"
84-->src/main/AndroidManifest.xml:67:13-56
85            android:screenOrientation="portrait" />
85-->src/main/AndroidManifest.xml:68:13-49
86        <activity
86-->src/main/AndroidManifest.xml:69:9-73:52
87            android:name="com.facebook.FacebookActivity"
87-->src/main/AndroidManifest.xml:70:13-57
88            android:configChanges="keyboard|keyboardHidden|screenLayout|screenSize|orientation"
88-->src/main/AndroidManifest.xml:71:13-96
89            android:label="@string/app_name"
89-->src/main/AndroidManifest.xml:72:13-45
90            android:screenOrientation="portrait"
90-->src/main/AndroidManifest.xml:73:13-49
91            android:theme="@style/com_facebook_activity_theme" />
91-->[com.facebook.android:facebook-common:5.15.3] AndroidManifest.xml:33:13-63
92
93        <meta-data
93-->src/main/AndroidManifest.xml:75:9-77:55
94            android:name="com.facebook.sdk.ApplicationId"
94-->src/main/AndroidManifest.xml:76:13-58
95            android:value="@string/facebook_app_id" />
95-->src/main/AndroidManifest.xml:77:13-52
96
97        <activity android:name="com.facebook.CustomTabMainActivity" />
97-->[com.facebook.android:facebook-common:5.15.3] AndroidManifest.xml:34:9-71
97-->[com.facebook.android:facebook-common:5.15.3] AndroidManifest.xml:34:19-68
98        <activity
98-->[com.facebook.android:facebook-common:5.15.3] AndroidManifest.xml:35:9-49:20
99            android:name="com.facebook.CustomTabActivity"
99-->[com.facebook.android:facebook-common:5.15.3] AndroidManifest.xml:36:13-58
100            android:exported="true" >
100-->[com.facebook.android:facebook-common:5.15.3] AndroidManifest.xml:37:13-36
101            <intent-filter>
101-->[com.facebook.android:facebook-common:5.15.3] AndroidManifest.xml:39:13-48:29
102                <action android:name="android.intent.action.VIEW" />
102-->[com.facebook.android:facebook-common:5.15.3] AndroidManifest.xml:40:17-69
102-->[com.facebook.android:facebook-common:5.15.3] AndroidManifest.xml:40:25-66
103
104                <category android:name="android.intent.category.DEFAULT" />
104-->[com.facebook.android:facebook-common:5.15.3] AndroidManifest.xml:42:17-76
104-->[com.facebook.android:facebook-common:5.15.3] AndroidManifest.xml:42:27-73
105                <category android:name="android.intent.category.BROWSABLE" />
105-->[com.facebook.android:facebook-common:5.15.3] AndroidManifest.xml:43:17-78
105-->[com.facebook.android:facebook-common:5.15.3] AndroidManifest.xml:43:27-75
106
107                <data
107-->[com.facebook.android:facebook-common:5.15.3] AndroidManifest.xml:45:17-47:50
108                    android:host="cct.com.classicsmart.myhomegrocers"
108-->[com.facebook.android:facebook-common:5.15.3] AndroidManifest.xml:46:21-56
109                    android:scheme="fbconnect" />
109-->[com.facebook.android:facebook-common:5.15.3] AndroidManifest.xml:47:21-47
110            </intent-filter>
111        </activity>
112        <activity
112-->[com.google.android.gms:play-services-auth:18.1.0] AndroidManifest.xml:23:9-27:75
113            android:name="com.google.android.gms.auth.api.signin.internal.SignInHubActivity"
113-->[com.google.android.gms:play-services-auth:18.1.0] AndroidManifest.xml:24:13-93
114            android:excludeFromRecents="true"
114-->[com.google.android.gms:play-services-auth:18.1.0] AndroidManifest.xml:25:13-46
115            android:exported="false"
115-->[com.google.android.gms:play-services-auth:18.1.0] AndroidManifest.xml:26:13-37
116            android:theme="@android:style/Theme.Translucent.NoTitleBar" />
116-->[com.google.android.gms:play-services-auth:18.1.0] AndroidManifest.xml:27:13-72
117        <!--
118            Service handling Google Sign-In user revocation. For apps that do not integrate with
119            Google Sign-In, this service will never be started.
120        -->
121        <service
121-->[com.google.android.gms:play-services-auth:18.1.0] AndroidManifest.xml:33:9-37:51
122            android:name="com.google.android.gms.auth.api.signin.RevocationBoundService"
122-->[com.google.android.gms:play-services-auth:18.1.0] AndroidManifest.xml:34:13-89
123            android:exported="true"
123-->[com.google.android.gms:play-services-auth:18.1.0] AndroidManifest.xml:35:13-36
124            android:permission="com.google.android.gms.auth.api.signin.permission.REVOCATION_NOTIFICATION"
124-->[com.google.android.gms:play-services-auth:18.1.0] AndroidManifest.xml:36:13-107
125            android:visibleToInstantApps="true" />
125-->[com.google.android.gms:play-services-auth:18.1.0] AndroidManifest.xml:37:13-48
126
127        <activity
127-->[com.google.android.gms:play-services-base:17.1.0] AndroidManifest.xml:23:9-26:75
128            android:name="com.google.android.gms.common.api.GoogleApiActivity"
128-->[com.google.android.gms:play-services-base:17.1.0] AndroidManifest.xml:24:13-79
129            android:exported="false"
129-->[com.google.android.gms:play-services-base:17.1.0] AndroidManifest.xml:25:13-37
130            android:theme="@android:style/Theme.Translucent.NoTitleBar" />
130-->[com.google.android.gms:play-services-base:17.1.0] AndroidManifest.xml:26:13-72
131
132        <meta-data
132-->[com.google.android.gms:play-services-basement:17.1.1] AndroidManifest.xml:23:9-25:69
133            android:name="com.google.android.gms.version"
133-->[com.google.android.gms:play-services-basement:17.1.1] AndroidManifest.xml:24:13-58
134            android:value="@integer/google_play_services_version" />
134-->[com.google.android.gms:play-services-basement:17.1.1] AndroidManifest.xml:25:13-66
135        <!--
136         The initialization ContentProvider will call FacebookSdk.sdkInitialize automatically
137         with the application context. This config is merged in with the host app's manifest,
138         but there can only be one provider with the same authority activated at any given
139         point; so if the end user has two or more different apps that use Facebook SDK, only the
140         first one will be able to use the provider. To work around this problem, we use the
141         following placeholder in the authority to identify each host application as if it was
142         a completely different provider.
143        -->
144        <provider
144-->[com.facebook.android:facebook-core:5.15.3] AndroidManifest.xml:39:9-42:40
145            android:name="com.facebook.internal.FacebookInitProvider"
145-->[com.facebook.android:facebook-core:5.15.3] AndroidManifest.xml:40:13-70
146            android:authorities="com.classicsmart.myhomegrocers.FacebookInitProvider"
146-->[com.facebook.android:facebook-core:5.15.3] AndroidManifest.xml:41:13-72
147            android:exported="false" />
147-->[com.facebook.android:facebook-core:5.15.3] AndroidManifest.xml:42:13-37
148
149        <receiver
149-->[com.facebook.android:facebook-core:5.15.3] AndroidManifest.xml:44:9-50:20
150            android:name="com.facebook.CurrentAccessTokenExpirationBroadcastReceiver"
150-->[com.facebook.android:facebook-core:5.15.3] AndroidManifest.xml:45:13-86
151            android:exported="false" >
151-->[com.facebook.android:facebook-core:5.15.3] AndroidManifest.xml:46:13-37
152            <intent-filter>
152-->[com.facebook.android:facebook-core:5.15.3] AndroidManifest.xml:47:13-49:29
153                <action android:name="com.facebook.sdk.ACTION_CURRENT_ACCESS_TOKEN_CHANGED" />
153-->[com.facebook.android:facebook-core:5.15.3] AndroidManifest.xml:48:17-95
153-->[com.facebook.android:facebook-core:5.15.3] AndroidManifest.xml:48:25-92
154            </intent-filter>
155        </receiver>
156
157        <provider
157-->[androidx.lifecycle:lifecycle-process:2.2.0] AndroidManifest.xml:25:9-29:43
158            android:name="androidx.lifecycle.ProcessLifecycleOwnerInitializer"
158-->[androidx.lifecycle:lifecycle-process:2.2.0] AndroidManifest.xml:26:13-79
159            android:authorities="com.classicsmart.myhomegrocers.lifecycle-process"
159-->[androidx.lifecycle:lifecycle-process:2.2.0] AndroidManifest.xml:27:13-69
160            android:exported="false"
160-->[androidx.lifecycle:lifecycle-process:2.2.0] AndroidManifest.xml:28:13-37
161            android:multiprocess="true" />
161-->[androidx.lifecycle:lifecycle-process:2.2.0] AndroidManifest.xml:29:13-40
162        <provider
162-->[com.squareup.picasso:picasso:2.71828] AndroidManifest.xml:8:9-11:40
163            android:name="com.squareup.picasso.PicassoProvider"
163-->[com.squareup.picasso:picasso:2.71828] AndroidManifest.xml:9:13-64
164            android:authorities="com.classicsmart.myhomegrocers.com.squareup.picasso"
164-->[com.squareup.picasso:picasso:2.71828] AndroidManifest.xml:10:13-72
165            android:exported="false" />
165-->[com.squareup.picasso:picasso:2.71828] AndroidManifest.xml:11:13-37
166    </application>
167
168</manifest>